d:\blueleaf\blueleaf\bin-int\debug-x64\sandbox\vc142.pdb
d:\blueleaf\blueleaf\bin-int\debug-x64\sandbox\vc142.idb
d:\blueleaf\blueleaf\bin-int\debug-x64\sandbox\sandboxapp.obj
d:\blueleaf\blueleaf\bin\debug-x64\sandbox\sandbox.ilk
d:\blueleaf\blueleaf\bin\debug-x64\sandbox\sandbox.exe
d:\blueleaf\blueleaf\bin\debug-x64\sandbox\sandbox.pdb
d:\blueleaf\blueleaf\bin-int\debug-x64\sandbox\application.obj
d:\blueleaf\blueleaf\bin-int\debug-x64\sandbox\sandbox.tlog\cl.command.1.tlog
d:\blueleaf\blueleaf\bin-int\debug-x64\sandbox\sandbox.tlog\cl.read.1.tlog
d:\blueleaf\blueleaf\bin-int\debug-x64\sandbox\sandbox.tlog\cl.write.1.tlog
d:\blueleaf\blueleaf\bin-int\debug-x64\sandbox\sandbox.tlog\link-cvtres.read.1.tlog
d:\blueleaf\blueleaf\bin-int\debug-x64\sandbox\sandbox.tlog\link-cvtres.write.1.tlog
d:\blueleaf\blueleaf\bin-int\debug-x64\sandbox\sandbox.tlog\link-rc.read.1.tlog
d:\blueleaf\blueleaf\bin-int\debug-x64\sandbox\sandbox.tlog\link-rc.write.1.tlog
d:\blueleaf\blueleaf\bin-int\debug-x64\sandbox\sandbox.tlog\link.5212-cvtres.read.1.tlog
d:\blueleaf\blueleaf\bin-int\debug-x64\sandbox\sandbox.tlog\link.5212-cvtres.write.1.tlog
d:\blueleaf\blueleaf\bin-int\debug-x64\sandbox\sandbox.tlog\link.5212-rc.read.1.tlog
d:\blueleaf\blueleaf\bin-int\debug-x64\sandbox\sandbox.tlog\link.5212-rc.write.1.tlog
d:\blueleaf\blueleaf\bin-int\debug-x64\sandbox\sandbox.tlog\link.5212.read.1.tlog
d:\blueleaf\blueleaf\bin-int\debug-x64\sandbox\sandbox.tlog\link.5212.write.1.tlog
d:\blueleaf\blueleaf\bin-int\debug-x64\sandbox\sandbox.tlog\link.command.1.tlog
d:\blueleaf\blueleaf\bin-int\debug-x64\sandbox\sandbox.tlog\link.read.1.tlog
d:\blueleaf\blueleaf\bin-int\debug-x64\sandbox\sandbox.tlog\link.write.1.tlog
